[debug] [2018-08-31T12:48:49.165Z] ----------------------------------------------------------------------
[debug] [2018-08-31T12:48:49.169Z] Command:       /usr/local/bin/node /usr/local/bin/firebase deploy
[debug] [2018-08-31T12:48:49.169Z] CLI Version:   4.2.1
[debug] [2018-08-31T12:48:49.169Z] Platform:      darwin
[debug] [2018-08-31T12:48:49.169Z] Node Version:  v8.11.4
[debug] [2018-08-31T12:48:49.170Z] Time:          Fri Aug 31 2018 15:48:49 GMT+0300 (+03)
[debug] [2018-08-31T12:48:49.171Z] ----------------------------------------------------------------------
[debug] 
[debug] [2018-08-31T12:48:49.188Z] > command requires scopes: ["email","openid","https://www.googleapis.com/auth/cloudplatformprojects.readonly","https://www.googleapis.com/auth/firebase","https://www.googleapis.com/auth/cloud-platform"]
[debug] [2018-08-31T12:48:49.188Z] > authorizing via signed-in user
[debug] [2018-08-31T12:48:49.191Z] > refreshing access token with scopes: ["email","https://www.googleapis.com/auth/cloud-platform","https://www.googleapis.com/auth/cloudplatformprojects.readonly","https://www.googleapis.com/auth/firebase","openid"]
[debug] [2018-08-31T12:48:49.192Z] >>> HTTP REQUEST POST https://www.googleapis.com/oauth2/v3/token  

[debug] [2018-08-31T12:48:49.494Z] <<< HTTP RESPONSE 200
[debug] [2018-08-31T12:48:49.686Z] >>> HTTP REQUEST GET https://admin.firebase.com/v1/projects/hasandemo-e97c9  
 
[debug] [2018-08-31T12:48:50.463Z] <<< HTTP RESPONSE 200
[info] 
[info] === Deploying to 'hasandemo-e97c9'...
[info] 
[info] i  deploying functions
[info] Running command: npm --prefix "$RESOURCE_DIR" run lint
[info] ✔  functions: Finished running predeploy script.
[debug] [2018-08-31T12:48:58.160Z] > [functions] package.json contents: {
  "name": "functions",
  "description": "Cloud Functions for Firebase",
  "scripts": {
    "lint": "eslint .",
    "serve": "firebase serve --only functions",
    "shell": "firebase functions:shell",
    "start": "npm run shell",
    "deploy": "firebase deploy --only functions",
    "logs": "firebase functions:log"
  },
  "dependencies": {
    "firebase-admin": "~6.0.0",
    "firebase-functions": "^2.0.3"
  },
  "devDependencies": {
    "eslint": "^4.12.0",
    "eslint-plugin-promise": "^3.6.0"
  },
  "private": true
}
[info] i  functions: ensuring necessary APIs are enabled...
[debug] [2018-08-31T12:48:58.162Z] >>> HTTP REQUEST GET https://servicemanagement.googleapis.com/v1/services/cloudfunctions.googleapis.com/projectSettings/hasandemo-e97c9?view=CONSUMER_VIEW  
 
[debug] [2018-08-31T12:48:58.164Z] >>> HTTP REQUEST GET https://servicemanagement.googleapis.com/v1/services/runtimeconfig.googleapis.com/projectSettings/hasandemo-e97c9?view=CONSUMER_VIEW  
 
[debug] [2018-08-31T12:49:00.078Z] <<< HTTP RESPONSE 200
[debug] [2018-08-31T12:49:00.116Z] <<< HTTP RESPONSE 200
[info] ✔  functions: all necessary APIs are enabled
[debug] [2018-08-31T12:49:00.117Z] >>> HTTP REQUEST GET https://cloudresourcemanager.googleapis.com/v1/projects/hasandemo-e97c9  
 
[debug] [2018-08-31T12:49:01.606Z] <<< HTTP RESPONSE 200
[debug] [2018-08-31T12:49:01.607Z] >>> HTTP REQUEST GET https://mobilesdk-pa.googleapis.com/v1/projects/484559328731:getServerAppConfig  
 
[debug] [2018-08-31T12:49:02.377Z] <<< HTTP RESPONSE 200
[info] i  functions: preparing functions directory for uploading...
[debug] [2018-08-31T12:49:02.379Z] >>> HTTP REQUEST GET https://runtimeconfig.googleapis.com/v1beta1/projects/hasandemo-e97c9/configs  
 
[debug] [2018-08-31T12:49:03.143Z] <<< HTTP RESPONSE 200
[debug] [2018-08-31T12:49:03.380Z] >>> HTTP REQUEST GET https://cloudfunctions.googleapis.com/v1/projects/hasandemo-e97c9/locations/-/functions  
 
[debug] [2018-08-31T12:49:05.449Z] <<< HTTP RESPONSE 200
[info] 
The following functions are found in your project but do not exist in your local source code:
	pushNotification(us-central1)

If you are renaming a function or changing its region, it is recommended that you create the new function first before deleting the old one to prevent event loss. For more info, visit https://firebase.google.com/docs/functions/manage-functions#modify

